<?xml version="1.0" encoding="UTF-8"?>
<testng-results skipped="0" failed="0" total="1" passed="1">
  <reporter-output>
  </reporter-output>
  <suite name="Wrkday_Demo1" duration-ms="138891" started-at="2017-12-26T11:24:09Z" finished-at="2017-12-26T11:26:28Z">
    <groups>
    </groups>
    <test name="Wrkday_Demo1" duration-ms="138891" started-at="2017-12-26T11:24:09Z" finished-at="2017-12-26T11:26:28Z">
      <class name="employee_tests.Workday_ChangeEmployeeContactInformation_Primaryaddress">
        <test-method status="PASS" signature="oneTimeSetUp(java.lang.String, java.lang.String, java.lang.String, java.lang.String, java.lang.String, java.lang.String)[pri:0, instance:employee_tests.Workday_ChangeEmployeeContactInformation_Primaryaddress@1a7eda3]" name="oneTimeSetUp" is-config="true" duration-ms="15496" started-at="2017-12-26T16:54:09Z" finished-at="2017-12-26T16:54:25Z">
          <params>
            <param index="0">
              <value>
                <![CDATA[Wrkday_Demo1]]>
              </value>
            </param>
            <param index="1">
              <value>
                <![CDATA[employee_tests.Workday_ChangeEmployeeVeteranStatus=Windows 7||Internet Explorer]]>
              </value>
            </param>
            <param index="2">
              <value>
                <![CDATA[stage]]>
              </value>
            </param>
            <param index="3">
              <value>
                <![CDATA[Local]]>
              </value>
            </param>
            <param index="4">
              <value>
                <![CDATA[Cycle1]]>
              </value>
            </param>
            <param index="5">
              <value>
                <![CDATA[Cycle1]]>
              </value>
            </param>
          </params>
          <reporter-output>
          </reporter-output>
        </test-method> <!-- oneTimeSetUp -->
        <test-method status="PASS" signature="changePrimaryAddress()[pri:0, instance:employee_tests.Workday_ChangeEmployeeContactInformation_Primaryaddress@1a7eda3]" name="changePrimaryAddress" duration-ms="118653" started-at="2017-12-26T16:54:25Z" finished-at="2017-12-26T16:56:23Z">
          <reporter-output>
          </reporter-output>
        </test-method> <!-- changePrimaryAddress -->
        <test-method status="FAIL" signature="oneTearDown()[pri:0, instance:employee_tests.Workday_ChangeEmployeeContactInformation_Primaryaddress@1a7eda3]" name="oneTearDown" is-config="true" duration-ms="0" started-at="2017-12-26T16:56:23Z" finished-at="2017-12-26T16:56:23Z">
          <exception class="java.lang.AssertionError">
            <message>
              <![CDATA[Fail]]>
            </message>
            <full-stacktrace>
              <![CDATA[java.lang.AssertionError: Fail
	at com.thoughtworks.selenium.SeleneseTestBase.fail(SeleneseTestBase.java:393)
	at com.arsin.ArsinSeleniumAPI.stopSeleniumRunningLocally(ArsinSeleniumAPI.java:2861)
	at com.arsin.ArsinSeleniumAPI.stopSelenium(ArsinSeleniumAPI.java:2665)
	at employee_tests.Workday_ChangeEmployeeContactInformation_Primaryaddress.oneTearDown(Workday_ChangeEmployeeContactInformation_Primaryaddress.java:147)
	at sun.reflect.NativeMethodAccessorImpl.invoke0(Native Method)
	at sun.reflect.NativeMethodAccessorImpl.invoke(NativeMethodAccessorImpl.java:57)
	at sun.reflect.DelegatingMethodAccessorImpl.invoke(DelegatingMethodAccessorImpl.java:43)
	at java.lang.reflect.Method.invoke(Method.java:606)
	at org.testng.internal.MethodInvocationHelper.invokeMethod(MethodInvocationHelper.java:84)
	at org.testng.internal.Invoker.invokeConfigurationMethod(Invoker.java:564)
	at org.testng.internal.Invoker.invokeConfigurations(Invoker.java:213)
	at org.testng.internal.Invoker.invokeConfigurations(Invoker.java:138)
	at org.testng.internal.TestMethodWorker.invokeAfterClassMethods(TestMethodWorker.java:225)
	at org.testng.internal.TestMethodWorker.run(TestMethodWorker.java:114)
	at org.testng.TestRunner.privateRun(TestRunner.java:767)
	at org.testng.TestRunner.run(TestRunner.java:617)
	at org.testng.SuiteRunner.runTest(SuiteRunner.java:334)
	at org.testng.SuiteRunner.runSequentially(SuiteRunner.java:329)
	at org.testng.SuiteRunner.privateRun(SuiteRunner.java:291)
	at org.testng.SuiteRunner.run(SuiteRunner.java:240)
	at org.testng.SuiteRunnerWorker.runSuite(SuiteRunnerWorker.java:52)
	at org.testng.SuiteRunnerWorker.run(SuiteRunnerWorker.java:86)
	at org.testng.TestNG.runSuitesSequentially(TestNG.java:1224)
	at org.testng.TestNG.runSuitesLocally(TestNG.java:1149)
	at org.testng.TestNG.run(TestNG.java:1057)
	at org.testng.remote.AbstractRemoteTestNG.run(AbstractRemoteTestNG.java:114)
	at org.testng.remote.RemoteTestNG.initAndRun(RemoteTestNG.java:251)
	at org.testng.remote.RemoteTestNG.main(RemoteTestNG.java:77)
]]>
            </full-stacktrace>
          </exception> <!-- java.lang.AssertionError -->
          <reporter-output>
          </reporter-output>
        </test-method> <!-- oneTearDown -->
      </class> <!-- employee_tests.Workday_ChangeEmployeeContactInformation_Primaryaddress -->
    </test> <!-- Wrkday_Demo1 -->
  </suite> <!-- Wrkday_Demo1 -->
</testng-results>
