<?xml version="1.0" encoding="UTF-8"?>
<!-- Generated by org.testng.reporters.JUnitXMLReporter -->
<testsuite hostname="PRO-IND-500" name="Wrkday_Demo1" tests="1" failures="1" timestamp="29 Dec 2017 09:46:03 GMT" time="136.849" errors="0">
  <testcase name="@AfterClass oneTearDown" time="0.0" classname="employee_tests.Workday_ChangeEmployeeContactInformation_Primaryaddress">
    <failure type="java.lang.AssertionError" message="Fail">
      <![CDATA[java.lang.AssertionError: Fail
	at com.thoughtworks.selenium.SeleneseTestBase.fail(SeleneseTestBase.java:393)
	at com.arsin.ArsinSeleniumAPI.stopSeleniumRunningLocally(ArsinSeleniumAPI.java:2861)
	at com.arsin.ArsinSeleniumAPI.stopSelenium(ArsinSeleniumAPI.java:2665)
	at employee_tests.Workday_ChangeEmployeeContactInformation_Primaryaddress.oneTearDown(Workday_ChangeEmployeeContactInformation_Primaryaddress.java:147)
	at org.apache.maven.surefire.testng.TestNGExecutor.run(TestNGExecutor.java:281)
	at org.apache.maven.surefire.testng.TestNGXmlTestSuite.execute(TestNGXmlTestSuite.java:75)
	at org.apache.maven.surefire.testng.TestNGProvider.invoke(TestNGProvider.java:121)
	at org.apache.maven.surefire.booter.ForkedBooter.invokeProviderInSameClassLoader(ForkedBooter.java:290)
	at org.apache.maven.surefire.booter.ForkedBooter.runSuitesInProcess(ForkedBooter.java:242)
	at org.apache.maven.surefire.booter.ForkedBooter.main(ForkedBooter.java:121)
... Removed 21 stack frames]]>
    </failure>
  </testcase> <!-- @AfterClass oneTearDown -->
  <testcase name="changePrimaryAddress" time="114.97" classname="employee_tests.Workday_ChangeEmployeeContactInformation_Primaryaddress">
    <failure type="java.lang.AssertionError" message="command:waitForElementPresent||description:Expected element is not found||Fail">
      <![CDATA[java.lang.AssertionError: command:waitForElementPresent||description:Expected element is not found||Fail
	at com.thoughtworks.selenium.SeleneseTestBase.fail(SeleneseTestBase.java:393)
	at com.arsin.ArsinSeleniumAPI.reportStepDtlsWithScreenshot(ArsinSeleniumAPI.java:3009)
	at com.arsin.ArsinSeleniumAPI.reportException(ArsinSeleniumAPI.java:2185)
	at com.arsin.ArsinSeleniumAPI.effecta(ArsinSeleniumAPI.java:1562)
	at wrkday_pom.Empprofilepg.verifyEmployeeNameOnProfilePage(Empprofilepg.java:30)
	at employee_tests.Workday_ChangeEmployeeContactInformation_Primaryaddress.changePrimaryAddress(Workday_ChangeEmployeeContactInformation_Primaryaddress.java:89)
	at org.apache.maven.surefire.testng.TestNGExecutor.run(TestNGExecutor.java:281)
	at org.apache.maven.surefire.testng.TestNGXmlTestSuite.execute(TestNGXmlTestSuite.java:75)
	at org.apache.maven.surefire.testng.TestNGProvider.invoke(TestNGProvider.java:121)
	at org.apache.maven.surefire.booter.ForkedBooter.invokeProviderInSameClassLoader(ForkedBooter.java:290)
	at org.apache.maven.surefire.booter.ForkedBooter.runSuitesInProcess(ForkedBooter.java:242)
	at org.apache.maven.surefire.booter.ForkedBooter.main(ForkedBooter.java:121)
... Removed 21 stack frames]]>
    </failure>
  </testcase> <!-- changePrimaryAddress -->
</testsuite> <!-- Wrkday_Demo1 -->
