<?xml version="1.0" encoding="UTF-8"?>
<testng-results skipped="0" failed="1" total="1" passed="0">
  <reporter-output>
  </reporter-output>
  <suite name="Wrkday_Demo1" duration-ms="136849" started-at="2017-12-29T09:43:46Z" finished-at="2017-12-29T09:46:03Z">
    <groups>
    </groups>
    <test name="Wrkday_Demo1" duration-ms="136849" started-at="2017-12-29T09:43:46Z" finished-at="2017-12-29T09:46:03Z">
      <class name="employee_tests.Workday_ChangeEmployeeContactInformation_Primaryaddress">
        <test-method status="PASS" signature="oneTimeSetUp(java.lang.String, java.lang.String, java.lang.String, java.lang.String, java.lang.String, java.lang.String)[pri:0, instance:employee_tests.Workday_ChangeEmployeeContactInformation_Primaryaddress@119087d]" name="oneTimeSetUp" is-config="true" duration-ms="17404" started-at="2017-12-29T15:13:46Z" finished-at="2017-12-29T15:14:04Z">
          <params>
            <param index="0">
              <value>
                <![CDATA[Wrkday_Demo1]]>
              </value>
            </param>
            <param index="1">
              <value>
                <![CDATA[employee_tests.Workday_ChangeEmployeeVeteranStatus=Windows 7||Internet Explorer]]>
              </value>
            </param>
            <param index="2">
              <value>
                <![CDATA[stage]]>
              </value>
            </param>
            <param index="3">
              <value>
                <![CDATA[Local]]>
              </value>
            </param>
            <param index="4">
              <value>
                <![CDATA[Cycle1]]>
              </value>
            </param>
            <param index="5">
              <value>
                <![CDATA[Cycle1]]>
              </value>
            </param>
          </params>
          <reporter-output>
          </reporter-output>
        </test-method> <!-- oneTimeSetUp -->
        <test-method status="FAIL" signature="changePrimaryAddress()[pri:0, instance:employee_tests.Workday_ChangeEmployeeContactInformation_Primaryaddress@119087d]" name="changePrimaryAddress" duration-ms="114970" started-at="2017-12-29T15:14:04Z" finished-at="2017-12-29T15:15:59Z">
          <exception class="java.lang.AssertionError">
            <message>
              <![CDATA[command:waitForElementPresent||description:Expected element is not found||Fail]]>
            </message>
            <full-stacktrace>
              <![CDATA[java.lang.AssertionError: command:waitForElementPresent||description:Expected element is not found||Fail
	at com.thoughtworks.selenium.SeleneseTestBase.fail(SeleneseTestBase.java:393)
	at com.arsin.ArsinSeleniumAPI.reportStepDtlsWithScreenshot(ArsinSeleniumAPI.java:3009)
	at com.arsin.ArsinSeleniumAPI.reportException(ArsinSeleniumAPI.java:2185)
	at com.arsin.ArsinSeleniumAPI.effecta(ArsinSeleniumAPI.java:1562)
	at wrkday_pom.Empprofilepg.verifyEmployeeNameOnProfilePage(Empprofilepg.java:30)
	at employee_tests.Workday_ChangeEmployeeContactInformation_Primaryaddress.changePrimaryAddress(Workday_ChangeEmployeeContactInformation_Primaryaddress.java:89)
	at sun.reflect.NativeMethodAccessorImpl.invoke0(Native Method)
	at sun.reflect.NativeMethodAccessorImpl.invoke(NativeMethodAccessorImpl.java:57)
	at sun.reflect.DelegatingMethodAccessorImpl.invoke(DelegatingMethodAccessorImpl.java:43)
	at java.lang.reflect.Method.invoke(Method.java:606)
	at org.testng.internal.MethodInvocationHelper.invokeMethod(MethodInvocationHelper.java:80)
	at org.testng.internal.Invoker.invokeMethod(Invoker.java:714)
	at org.testng.internal.Invoker.invokeTestMethod(Invoker.java:901)
	at org.testng.internal.Invoker.invokeTestMethods(Invoker.java:1231)
	at org.testng.internal.TestMethodWorker.invokeTestMethods(TestMethodWorker.java:127)
	at org.testng.internal.TestMethodWorker.run(TestMethodWorker.java:111)
	at org.testng.TestRunner.privateRun(TestRunner.java:767)
	at org.testng.TestRunner.run(TestRunner.java:617)
	at org.testng.SuiteRunner.runTest(SuiteRunner.java:334)
	at org.testng.SuiteRunner.runSequentially(SuiteRunner.java:329)
	at org.testng.SuiteRunner.privateRun(SuiteRunner.java:291)
	at org.testng.SuiteRunner.run(SuiteRunner.java:240)
	at org.testng.SuiteRunnerWorker.runSuite(SuiteRunnerWorker.java:52)
	at org.testng.SuiteRunnerWorker.run(SuiteRunnerWorker.java:86)
	at org.testng.TestNG.runSuitesSequentially(TestNG.java:1198)
	at org.testng.TestNG.runSuitesLocally(TestNG.java:1123)
	at org.testng.TestNG.run(TestNG.java:1031)
	at org.apache.maven.surefire.testng.TestNGExecutor.run(TestNGExecutor.java:281)
	at org.apache.maven.surefire.testng.TestNGXmlTestSuite.execute(TestNGXmlTestSuite.java:75)
	at org.apache.maven.surefire.testng.TestNGProvider.invoke(TestNGProvider.java:121)
	at org.apache.maven.surefire.booter.ForkedBooter.invokeProviderInSameClassLoader(ForkedBooter.java:290)
	at org.apache.maven.surefire.booter.ForkedBooter.runSuitesInProcess(ForkedBooter.java:242)
	at org.apache.maven.surefire.booter.ForkedBooter.main(ForkedBooter.java:121)
]]>
            </full-stacktrace>
          </exception> <!-- java.lang.AssertionError -->
          <reporter-output>
          </reporter-output>
        </test-method> <!-- changePrimaryAddress -->
        <test-method status="FAIL" signature="oneTearDown()[pri:0, instance:employee_tests.Workday_ChangeEmployeeContactInformation_Primaryaddress@119087d]" name="oneTearDown" is-config="true" duration-ms="0" started-at="2017-12-29T15:15:59Z" finished-at="2017-12-29T15:15:59Z">
          <exception class="java.lang.AssertionError">
            <message>
              <![CDATA[Fail]]>
            </message>
            <full-stacktrace>
              <![CDATA[java.lang.AssertionError: Fail
	at com.thoughtworks.selenium.SeleneseTestBase.fail(SeleneseTestBase.java:393)
	at com.arsin.ArsinSeleniumAPI.stopSeleniumRunningLocally(ArsinSeleniumAPI.java:2861)
	at com.arsin.ArsinSeleniumAPI.stopSelenium(ArsinSeleniumAPI.java:2665)
	at employee_tests.Workday_ChangeEmployeeContactInformation_Primaryaddress.oneTearDown(Workday_ChangeEmployeeContactInformation_Primaryaddress.java:147)
	at sun.reflect.NativeMethodAccessorImpl.invoke0(Native Method)
	at sun.reflect.NativeMethodAccessorImpl.invoke(NativeMethodAccessorImpl.java:57)
	at sun.reflect.DelegatingMethodAccessorImpl.invoke(DelegatingMethodAccessorImpl.java:43)
	at java.lang.reflect.Method.invoke(Method.java:606)
	at org.testng.internal.MethodInvocationHelper.invokeMethod(MethodInvocationHelper.java:80)
	at org.testng.internal.Invoker.invokeConfigurationMethod(Invoker.java:564)
	at org.testng.internal.Invoker.invokeConfigurations(Invoker.java:213)
	at org.testng.internal.Invoker.invokeConfigurations(Invoker.java:138)
	at org.testng.internal.TestMethodWorker.invokeAfterClassMethods(TestMethodWorker.java:225)
	at org.testng.internal.TestMethodWorker.run(TestMethodWorker.java:114)
	at org.testng.TestRunner.privateRun(TestRunner.java:767)
	at org.testng.TestRunner.run(TestRunner.java:617)
	at org.testng.SuiteRunner.runTest(SuiteRunner.java:334)
	at org.testng.SuiteRunner.runSequentially(SuiteRunner.java:329)
	at org.testng.SuiteRunner.privateRun(SuiteRunner.java:291)
	at org.testng.SuiteRunner.run(SuiteRunner.java:240)
	at org.testng.SuiteRunnerWorker.runSuite(SuiteRunnerWorker.java:52)
	at org.testng.SuiteRunnerWorker.run(SuiteRunnerWorker.java:86)
	at org.testng.TestNG.runSuitesSequentially(TestNG.java:1198)
	at org.testng.TestNG.runSuitesLocally(TestNG.java:1123)
	at org.testng.TestNG.run(TestNG.java:1031)
	at org.apache.maven.surefire.testng.TestNGExecutor.run(TestNGExecutor.java:281)
	at org.apache.maven.surefire.testng.TestNGXmlTestSuite.execute(TestNGXmlTestSuite.java:75)
	at org.apache.maven.surefire.testng.TestNGProvider.invoke(TestNGProvider.java:121)
	at org.apache.maven.surefire.booter.ForkedBooter.invokeProviderInSameClassLoader(ForkedBooter.java:290)
	at org.apache.maven.surefire.booter.ForkedBooter.runSuitesInProcess(ForkedBooter.java:242)
	at org.apache.maven.surefire.booter.ForkedBooter.main(ForkedBooter.java:121)
]]>
            </full-stacktrace>
          </exception> <!-- java.lang.AssertionError -->
          <reporter-output>
          </reporter-output>
        </test-method> <!-- oneTearDown -->
      </class> <!-- employee_tests.Workday_ChangeEmployeeContactInformation_Primaryaddress -->
    </test> <!-- Wrkday_Demo1 -->
  </suite> <!-- Wrkday_Demo1 -->
</testng-results>
