<?xml version="1.0" encoding="UTF-8"?>
<!-- Generated by org.testng.reporters.JUnitReportReporter -->
<testsuite hostname="PRO-IND-500" name="employee_tests.Workday_ChangeEmployeeContactInformation_Primaryaddress" tests="1" failures="0" timestamp="29 Dec 2017 09:46:03 GMT" time="114.970" errors="1">
  <testcase name="changePrimaryAddress" time="114.970" classname="employee_tests.Workday_ChangeEmployeeContactInformation_Primaryaddress">
    <error type="java.lang.AssertionError" message="command:waitForElementPresent||description:Expected element is not found||Fail">
      <![CDATA[java.lang.AssertionError: command:waitForElementPresent||description:Expected element is not found||Fail
	at com.thoughtworks.selenium.SeleneseTestBase.fail(SeleneseTestBase.java:393)
	at com.arsin.ArsinSeleniumAPI.reportStepDtlsWithScreenshot(ArsinSeleniumAPI.java:3009)
	at com.arsin.ArsinSeleniumAPI.reportException(ArsinSeleniumAPI.java:2185)
	at com.arsin.ArsinSeleniumAPI.effecta(ArsinSeleniumAPI.java:1562)
	at wrkday_pom.Empprofilepg.verifyEmployeeNameOnProfilePage(Empprofilepg.java:30)
	at employee_tests.Workday_ChangeEmployeeContactInformation_Primaryaddress.changePrimaryAddress(Workday_ChangeEmployeeContactInformation_Primaryaddress.java:89)
	at sun.reflect.NativeMethodAccessorImpl.invoke0(Native Method)
	at sun.reflect.NativeMethodAccessorImpl.invoke(NativeMethodAccessorImpl.java:57)
	at sun.reflect.DelegatingMethodAccessorImpl.invoke(DelegatingMethodAccessorImpl.java:43)
	at java.lang.reflect.Method.invoke(Method.java:606)
	at org.testng.internal.MethodInvocationHelper.invokeMethod(MethodInvocationHelper.java:80)
	at org.testng.internal.Invoker.invokeMethod(Invoker.java:714)
	at org.testng.internal.Invoker.invokeTestMethod(Invoker.java:901)
	at org.testng.internal.Invoker.invokeTestMethods(Invoker.java:1231)
	at org.testng.internal.TestMethodWorker.invokeTestMethods(TestMethodWorker.java:127)
	at org.testng.internal.TestMethodWorker.run(TestMethodWorker.java:111)
	at org.testng.TestRunner.privateRun(TestRunner.java:767)
	at org.testng.TestRunner.run(TestRunner.java:617)
	at org.testng.SuiteRunner.runTest(SuiteRunner.java:334)
	at org.testng.SuiteRunner.runSequentially(SuiteRunner.java:329)
	at org.testng.SuiteRunner.privateRun(SuiteRunner.java:291)
	at org.testng.SuiteRunner.run(SuiteRunner.java:240)
	at org.testng.SuiteRunnerWorker.runSuite(SuiteRunnerWorker.java:52)
	at org.testng.SuiteRunnerWorker.run(SuiteRunnerWorker.java:86)
	at org.testng.TestNG.runSuitesSequentially(TestNG.java:1198)
	at org.testng.TestNG.runSuitesLocally(TestNG.java:1123)
	at org.testng.TestNG.run(TestNG.java:1031)
	at org.apache.maven.surefire.testng.TestNGExecutor.run(TestNGExecutor.java:281)
	at org.apache.maven.surefire.testng.TestNGXmlTestSuite.execute(TestNGXmlTestSuite.java:75)
	at org.apache.maven.surefire.testng.TestNGProvider.invoke(TestNGProvider.java:121)
	at org.apache.maven.surefire.booter.ForkedBooter.invokeProviderInSameClassLoader(ForkedBooter.java:290)
	at org.apache.maven.surefire.booter.ForkedBooter.runSuitesInProcess(ForkedBooter.java:242)
	at org.apache.maven.surefire.booter.ForkedBooter.main(ForkedBooter.java:121)
]]>
    </error>
  </testcase> <!-- changePrimaryAddress -->
</testsuite> <!-- employee_tests.Workday_ChangeEmployeeContactInformation_Primaryaddress -->
