<?xml version="1.0" encoding="UTF-8"?>
<!-- Generated by org.testng.reporters.JUnitXMLReporter -->
<testsuite hostname="PRO-IND-500" name="Wrkday_Demo1" tests="1" failures="0" timestamp="26 Dec 2017 11:26:28 GMT" time="138.891" errors="0">
  <testcase name="@AfterClass oneTearDown" time="0.0" classname="employee_tests.Workday_ChangeEmployeeContactInformation_Primaryaddress">
    <failure type="java.lang.AssertionError" message="Fail">
      <![CDATA[java.lang.AssertionError: Fail
	at com.thoughtworks.selenium.SeleneseTestBase.fail(SeleneseTestBase.java:393)
	at com.arsin.ArsinSeleniumAPI.stopSeleniumRunningLocally(ArsinSeleniumAPI.java:2861)
	at com.arsin.ArsinSeleniumAPI.stopSelenium(ArsinSeleniumAPI.java:2665)
	at employee_tests.Workday_ChangeEmployeeContactInformation_Primaryaddress.oneTearDown(Workday_ChangeEmployeeContactInformation_Primaryaddress.java:147)
... Removed 24 stack frames]]>
    </failure>
  </testcase> <!-- @AfterClass oneTearDown -->
  <testcase name="changePrimaryAddress" time="118.653" classname="employee_tests.Workday_ChangeEmployeeContactInformation_Primaryaddress"/>
</testsuite> <!-- Wrkday_Demo1 -->
