<?xml version="1.0" encoding="UTF-8"?>
<!-- Generated by org.testng.reporters.JUnitXMLReporter -->
<testsuite hostname="PRO-IND-500" name="Test" tests="4" failures="0" timestamp="13 Dec 2017 05:55:42 GMT" time="0.078" errors="0">
  <testcase name="@BeforeClass oneTimeSetUp" time="0.0" classname="employee_tests.Workday_ChangeEmployeeVeteranStatus">
    <failure type="org.testng.TestNGException" message="
Parameter &amp;apos;prjName&amp;apos; is required by @Configuration on method oneTimeSetUp but has not been marked @Optional or defined
in C:\Users\tgupta\Desktop\Workday\Wrkday_Demo1\testng.xml">
      <![CDATA[org.testng.TestNGException: 
Parameter 'prjName' is required by @Configuration on method oneTimeSetUp but has not been marked @Optional or defined
in C:\Users\tgupta\Desktop\Workday\Wrkday_Demo1\testng.xml
... Removed 21 stack frames]]>
    </failure>
  </testcase> <!-- @BeforeClass oneTimeSetUp -->
  <testcase name="@AfterClass closebrowser" time="0.0" classname="employee_tests.Workday_ChangeEmployeeVeteranStatus">
    <skipped/>
  </testcase> <!-- @AfterClass closebrowser -->
  <testcase name="@BeforeClass oneTimeSetUp" time="0.0" classname="employee_tests.Workday_ChangeEmployeeContactInformation_Primaryaddress">
    <failure type="org.testng.TestNGException" message="
Parameter &amp;apos;prjName&amp;apos; is required by @Configuration on method oneTimeSetUp but has not been marked @Optional or defined
in C:\Users\tgupta\Desktop\Workday\Wrkday_Demo1\testng.xml">
      <![CDATA[org.testng.TestNGException: 
Parameter 'prjName' is required by @Configuration on method oneTimeSetUp but has not been marked @Optional or defined
in C:\Users\tgupta\Desktop\Workday\Wrkday_Demo1\testng.xml
... Removed 21 stack frames]]>
    </failure>
  </testcase> <!-- @BeforeClass oneTimeSetUp -->
  <testcase name="@AfterClass oneTearDown" time="0.0" classname="employee_tests.Workday_ChangeEmployeeContactInformation_Primaryaddress">
    <skipped/>
  </testcase> <!-- @AfterClass oneTearDown -->
  <testcase name="@BeforeClass oneTimeSetUp" time="0.0" classname="manager_tests.Workday_ManagerActions_ChangeEmployeeWorkLocation">
    <failure type="org.testng.TestNGException" message="
Parameter &amp;apos;prjName&amp;apos; is required by @Configuration on method oneTimeSetUp but has not been marked @Optional or defined
in C:\Users\tgupta\Desktop\Workday\Wrkday_Demo1\testng.xml">
      <![CDATA[org.testng.TestNGException: 
Parameter 'prjName' is required by @Configuration on method oneTimeSetUp but has not been marked @Optional or defined
in C:\Users\tgupta\Desktop\Workday\Wrkday_Demo1\testng.xml
... Removed 21 stack frames]]>
    </failure>
  </testcase> <!-- @BeforeClass oneTimeSetUp -->
  <testcase name="@AfterClass closebrowser" time="0.0" classname="manager_tests.Workday_ManagerActions_ChangeEmployeeWorkLocation">
    <skipped/>
  </testcase> <!-- @AfterClass closebrowser -->
  <testcase name="@BeforeClass oneTimeSetUp" time="0.0" classname="manager_tests.Wrkday_ManagerActions_VoluntaryTermination">
    <failure type="org.testng.TestNGException" message="
Parameter &amp;apos;prjName&amp;apos; is required by @Configuration on method oneTimeSetUp but has not been marked @Optional or defined
in C:\Users\tgupta\Desktop\Workday\Wrkday_Demo1\testng.xml">
      <![CDATA[org.testng.TestNGException: 
Parameter 'prjName' is required by @Configuration on method oneTimeSetUp but has not been marked @Optional or defined
in C:\Users\tgupta\Desktop\Workday\Wrkday_Demo1\testng.xml
... Removed 21 stack frames]]>
    </failure>
  </testcase> <!-- @BeforeClass oneTimeSetUp -->
  <testcase name="@AfterClass closebrowser" time="0.0" classname="manager_tests.Wrkday_ManagerActions_VoluntaryTermination">
    <skipped/>
  </testcase> <!-- @AfterClass closebrowser -->
  <testcase name="changeVeteranStatus" time="0.014" classname="employee_tests.Workday_ChangeEmployeeVeteranStatus">
    <skipped/>
  </testcase> <!-- changeVeteranStatus -->
  <testcase name="changePrimaryAddress" time="0.003" classname="employee_tests.Workday_ChangeEmployeeContactInformation_Primaryaddress">
    <skipped/>
  </testcase> <!-- changePrimaryAddress -->
  <testcase name="ChangeEmployeeWorkLocation" time="0.002" classname="manager_tests.Workday_ManagerActions_ChangeEmployeeWorkLocation">
    <skipped/>
  </testcase> <!-- ChangeEmployeeWorkLocation -->
  <testcase name="VoluntaryTerminate" time="0.001" classname="manager_tests.Wrkday_ManagerActions_VoluntaryTermination">
    <skipped/>
  </testcase> <!-- VoluntaryTerminate -->
</testsuite> <!-- Test -->
